[debug] [2020-10-28T14:00:15.764Z] ----------------------------------------------------------------------
[debug] [2020-10-28T14:00:15.771Z] Command:       C:\Program Files\nodejs\node.exe C:\Program Files\nodejs\node_modules\firebase-tools\lib\bin\firebase.js init
[debug] [2020-10-28T14:00:15.773Z] CLI Version:   8.12.1
[debug] [2020-10-28T14:00:15.773Z] Platform:      win32
[debug] [2020-10-28T14:00:15.773Z] Node Version:  v11.0.0
[debug] [2020-10-28T14:00:15.777Z] Time:          Wed Oct 28 2020 19:30:15 GMT+0530 (India Standard Time)
[debug] [2020-10-28T14:00:15.777Z] ----------------------------------------------------------------------
[debug] [2020-10-28T14:00:15.777Z] 
[debug] [2020-10-28T14:00:15.800Z] > command requires scopes: ["email","openid","https://www.googleapis.com/auth/cloudplatformprojects.readonly","https://www.googleapis.com/auth/firebase","https://www.googleapis.com/auth/cloud-platform"]
[debug] [2020-10-28T14:00:15.801Z] > authorizing via signed-in user
[info] 
     ######## #### ########  ######## ########     ###     ######  ########
     ##        ##  ##     ## ##       ##     ##  ##   ##  ##       ##
     ######    ##  ########  ######   ########  #########  ######  ######
     ##        ##  ##    ##  ##       ##     ## ##     ##       ## ##
     ##       #### ##     ## ######## ########  ##     ##  ######  ########

You're about to initialize a Firebase project in this directory:

  C:\Users\satye\Desktop\webdev\FRONTEND--\todo_app

[info] 
=== Project Setup
[info] 
[info] First, let's associate this project directory with a Firebase project.
[info] You can create multiple project aliases by running firebase use --add, 
[info] but for now we'll just set up a default project.
[info] 
[debug] [2020-10-28T14:03:14.448Z] > refreshing access token with scopes: ["email","https://www.googleapis.com/auth/cloud-platform","https://www.googleapis.com/auth/cloudplatformprojects.readonly","https://www.googleapis.com/auth/firebase","openid"]
[debug] [2020-10-28T14:03:14.449Z] >>> HTTP REQUEST POST https://www.googleapis.com/oauth2/v3/token  
 <request body omitted>
[debug] [2020-10-28T14:03:15.067Z] <<< HTTP RESPONSE 200 {"pragma":"no-cache","date":"Wed, 28 Oct 2020 14:03:14 GMT","cache-control":"no-cache, no-store, max-age=0, must-revalidate","expires":"Mon, 01 Jan 1990 00:00:00 GMT","content-type":"application/json; charset=utf-8","vary":"X-Origin, Referer, Origin,Accept-Encoding","server":"scaffolding on HTTPServer2","x-xss-protection":"0","x-frame-options":"SAMEORIGIN","x-content-type-options":"nosniff","alt-svc":"h3-Q050=\":443\"; ma=2592000,h3-29=\":443\"; ma=2592000,h3-T051=\":443\"; ma=2592000,h3-T050=\":443\"; ma=2592000,h3-Q046=\":443\"; ma=2592000,h3-Q043=\":443\"; ma=2592000,quic=\":443\"; ma=2592000; v=\"46,43\"","accept-ranges":"none","transfer-encoding":"chunked"}
[debug] [2020-10-28T14:03:15.166Z] >>> HTTP REQUEST GET https://firebase.googleapis.com/v1beta1/projects?pageSize=100  
 
[debug] [2020-10-28T14:03:15.957Z] <<< HTTP RESPONSE 200 {"content-type":"application/json; charset=UTF-8","vary":"X-Origin, Referer, Origin,Accept-Encoding","date":"Wed, 28 Oct 2020 14:03:15 GMT","server":"ESF","cache-control":"private","x-xss-protection":"0","x-frame-options":"SAMEORIGIN","x-content-type-options":"nosniff","alt-svc":"h3-Q050=\":443\"; ma=2592000,h3-29=\":443\"; ma=2592000,h3-T051=\":443\"; ma=2592000,h3-T050=\":443\"; ma=2592000,h3-Q046=\":443\"; ma=2592000,h3-Q043=\":443\"; ma=2592000,quic=\":443\"; ma=2592000; v=\"46,43\"","accept-ranges":"none","transfer-encoding":"chunked"}
[debug] [2020-10-28T14:04:05.549Z] ----------------------------------------------------------------------
[debug] [2020-10-28T14:04:05.566Z] Command:       C:\Program Files\nodejs\node.exe C:\Program Files\nodejs\node_modules\firebase-tools\lib\bin\firebase.js init
[debug] [2020-10-28T14:04:05.572Z] CLI Version:   8.12.1
[debug] [2020-10-28T14:04:05.572Z] Platform:      win32
[debug] [2020-10-28T14:04:05.574Z] Node Version:  v11.0.0
[debug] [2020-10-28T14:04:05.582Z] Time:          Wed Oct 28 2020 19:34:05 GMT+0530 (India Standard Time)
[debug] [2020-10-28T14:04:05.582Z] ----------------------------------------------------------------------
[debug] [2020-10-28T14:04:05.583Z] 
[debug] [2020-10-28T14:04:05.640Z] > command requires scopes: ["email","openid","https://www.googleapis.com/auth/cloudplatformprojects.readonly","https://www.googleapis.com/auth/firebase","https://www.googleapis.com/auth/cloud-platform"]
[debug] [2020-10-28T14:04:05.644Z] > authorizing via signed-in user
[info] 
     ######## #### ########  ######## ########     ###     ######  ########
     ##        ##  ##     ## ##       ##     ##  ##   ##  ##       ##
     ######    ##  ########  ######   ########  #########  ######  ######
     ##        ##  ##    ##  ##       ##     ## ##     ##       ## ##
     ##       #### ##     ## ######## ########  ##     ##  ######  ########

You're about to initialize a Firebase project in this directory:

  C:\Users\satye\Desktop\webdev\FRONTEND--\todo_app

[info] 
=== Project Setup
[info] 
[info] First, let's associate this project directory with a Firebase project.
[info] You can create multiple project aliases by running firebase use --add, 
[info] but for now we'll just set up a default project.
[info] 
[info] i  If you want to create a project in a Google Cloud organization or folder, please use "firebase projects:create" instead, and return to this command when you've created the project. 
[debug] [2020-10-28T14:05:04.834Z] >>> HTTP REQUEST POST https://cloudresourcemanager.googleapis.com/v1/projects  
 {"projectId":"todoApp","name":"todoApp"}
[debug] [2020-10-28T14:05:20.626Z] FirebaseError: Server Error. ETIMEDOUT
    at Request._callback (C:\Users\satye\AppData\Roaming\nvm\v11.0.0\node_modules\firebase-tools\lib\api.js:32:31)
    at self.callback (C:\Users\satye\AppData\Roaming\nvm\v11.0.0\node_modules\firebase-tools\node_modules\request\request.js:185:22)
    at Request.emit (events.js:182:13)
    at Request.EventEmitter.emit (domain.js:441:20)
    at Timeout.<anonymous> (C:\Users\satye\AppData\Roaming\nvm\v11.0.0\node_modules\firebase-tools\node_modules\request\request.js:851:16)
    at listOnTimeout (timers.js:324:15)
    at processTimers (timers.js:268:5)
[error] 
[error] Error: Failed to create project. See firebase-debug.log for more info.
